<?xml version="1.0" encoding="UTF-8"?>
<testng-results skipped="0" failed="0" ignored="0" total="1" passed="1">
  <reporter-output>
  </reporter-output>
  <suite name="Suite" duration-ms="17361" started-at="2023-04-01T15:46:19 IST" finished-at="2023-04-01T15:46:37 IST">
    <groups>
      <group name="cucumber">
        <method signature="AbstractTestNGCucumberTests.runScenario(io.cucumber.testng.PickleWrapper,io.cucumber.testng.FeatureWrapper)[pri:0, instance:com.Sample.runner.TestRunner@6c3708b3]" name="runScenario" class="io.cucumber.testng.AbstractTestNGCucumberTests"/>
      </group> <!-- cucumber -->
    </groups>
    <test name="Test" duration-ms="17361" started-at="2023-04-01T15:46:19 IST" finished-at="2023-04-01T15:46:37 IST">
      <class name="com.Sample.runner.TestRunner">
        <test-method status="PASS" signature="setUpClass(org.testng.ITestContext)[pri:0, instance:com.Sample.runner.TestRunner@6c3708b3]" name="setUpClass" is-config="true" duration-ms="631" started-at="2023-04-01T15:46:19 IST" finished-at="2023-04-01T15:46:20 IST">
          <params>
            <param index="0">
              <value>
                <![CDATA[org.testng.TestRunner@5116ac09]]>
              </value>
            </param>
          </params>
          <reporter-output>
          </reporter-output>
        </test-method> <!-- setUpClass -->
        <test-method status="PASS" signature="runScenario(io.cucumber.testng.PickleWrapper,io.cucumber.testng.FeatureWrapper)[pri:0, instance:com.Sample.runner.TestRunner@6c3708b3]" name="runScenario" duration-ms="14449" started-at="2023-04-01T15:46:20 IST" description="Runs Cucumber Scenarios" data-provider="scenarios" finished-at="2023-04-01T15:46:34 IST">
          <params>
            <param index="0">
              <value>
                <![CDATA["Verify The Home page Tabs"]]>
              </value>
            </param>
            <param index="1">
              <value>
                <![CDATA["Homepage Validations"]]>
              </value>
            </param>
          </params>
          <reporter-output>
          </reporter-output>
        </test-method> <!-- runScenario -->
        <test-method status="PASS" signature="tearDownClass()[pri:0, instance:com.Sample.runner.TestRunner@6c3708b3]" name="tearDownClass" is-config="true" duration-ms="2226" started-at="2023-04-01T15:46:34 IST" finished-at="2023-04-01T15:46:37 IST">
          <reporter-output>
          </reporter-output>
        </test-method> <!-- tearDownClass -->
      </class> <!-- com.Sample.runner.TestRunner -->
    </test> <!-- Test -->
  </suite> <!-- Suite -->
</testng-results>
