<?xml version="1.0" encoding="UTF-8"?>
<testng-results ignored="0" total="1" passed="1" failed="0" skipped="0">
  <reporter-output>
  </reporter-output>
  <suite started-at="2023-04-01T16:11:35 IST" name="Default suite" finished-at="2023-04-01T16:11:49 IST" duration-ms="13110">
    <groups>
      <group name="cucumber">
        <method signature="AbstractTestNGCucumberTests.runScenario(io.cucumber.testng.PickleWrapper,io.cucumber.testng.FeatureWrapper)[pri:0, instance:com.Sample.runner.TestRunner@35aea049]" name="runScenario" class="io.cucumber.testng.AbstractTestNGCucumberTests"/>
      </group> <!-- cucumber -->
    </groups>
    <test started-at="2023-04-01T16:11:35 IST" name="Default test" finished-at="2023-04-01T16:11:49 IST" duration-ms="13110">
      <class name="com.Sample.runner.TestRunner">
        <test-method is-config="true" signature="setUpClass(org.testng.ITestContext)[pri:0, instance:com.Sample.runner.TestRunner@35aea049]" started-at="2023-04-01T16:11:35 IST" name="setUpClass" finished-at="2023-04-01T16:11:36 IST" duration-ms="656" status="PASS">
          <params>
            <param index="0">
              <value>
                <![CDATA[org.testng.TestRunner@29f38091]]>
              </value>
            </param>
          </params>
          <reporter-output>
          </reporter-output>
        </test-method> <!-- setUpClass -->
        <test-method signature="runScenario(io.cucumber.testng.PickleWrapper,io.cucumber.testng.FeatureWrapper)[pri:0, instance:com.Sample.runner.TestRunner@35aea049]" started-at="2023-04-01T16:11:36 IST" name="runScenario" description="Runs Cucumber Scenarios" data-provider="scenarios" finished-at="2023-04-01T16:11:47 IST" duration-ms="10787" status="PASS">
          <params>
            <param index="0">
              <value>
                <![CDATA["Verify The Home page Tabs"]]>
              </value>
            </param>
            <param index="1">
              <value>
                <![CDATA["Homepage Validations"]]>
              </value>
            </param>
          </params>
          <reporter-output>
          </reporter-output>
        </test-method> <!-- runScenario -->
        <test-method is-config="true" signature="tearDownClass()[pri:0, instance:com.Sample.runner.TestRunner@35aea049]" started-at="2023-04-01T16:11:47 IST" name="tearDownClass" finished-at="2023-04-01T16:11:49 IST" duration-ms="1621" status="PASS">
          <reporter-output>
          </reporter-output>
        </test-method> <!-- tearDownClass -->
      </class> <!-- com.Sample.runner.TestRunner -->
    </test> <!-- Default test -->
  </suite> <!-- Default suite -->
</testng-results>
